<?xml version="1.0" encoding="UTF-8"?>
<!-- Generated by org.testng.reporters.JUnitXMLReporter -->
<testsuite ignored="0" hostname="Mahesh-Biswal" failures="0" tests="4" name="Test Runner 2" time="0.088" errors="0" timestamp="2023-03-27T20:15:16 IST">
  <testcase classname="practicePackage.Test_02" name="m3" time="0.01"/>
  <testcase classname="practicePackage.Test_02" name="m4" time="0.001"/>
  <testcase classname="practicePackage.Test_03" name="m5" time="0.003"/>
  <testcase classname="practicePackage.Test_03" name="m6" time="0.004"/>
</testsuite> <!-- Test Runner 2 -->
