<?xml version="1.0" encoding="UTF-8"?>
<!-- Generated by org.testng.reporters.JUnitXMLReporter -->
<testsuite ignored="0" hostname="Mahesh-Biswal" failures="0" tests="6" name="test2" time="0.027" errors="0" timestamp="2023-03-27T20:42:14 IST">
  <testcase classname="practicePackage.Test_01" name="m1" time="0.002"/>
  <testcase classname="practicePackage.Test_01" name="m2" time="0.002"/>
  <testcase classname="practicePackage.Test_02" name="m3" time="0.002"/>
  <testcase classname="practicePackage.Test_02" name="m4" time="0.001"/>
  <testcase classname="practicePackage.Test_03" name="m5" time="0.003"/>
  <testcase classname="practicePackage.Test_03" name="m6" time="0.001"/>
</testsuite> <!-- test2 -->
