<?xml version="1.0" encoding="UTF-8"?>
<!-- Generated by org.testng.reporters.JUnitXMLReporter -->
<testsuite ignored="0" hostname="Mahesh-Biswal" failures="0" tests="4" name="Test Runner 1" time="0.088" errors="0" timestamp="2023-03-27T20:15:16 IST">
  <testcase classname="practicePackage.Test_01" name="m1" time="0.01"/>
  <testcase classname="practicePackage.Test_01" name="m2" time="0.002"/>
  <testcase classname="practicePackage.Test_04" name="m7" time="0.005"/>
  <testcase classname="practicePackage.Test_04" name="m8" time="0.003"/>
</testsuite> <!-- Test Runner 1 -->
